<?xml version="1.0" encoding="UTF-8" ?>
<testsuite tests="2" failures="2" name="com.basic.GetWithTags.RunnerGetWithTagsTest" time="1.526" errors="0" skipped="0">
  <properties>
[...]
</properties>
  <testcase classname="validate tags" name="34.validate Get Request values with parameters" time="0.781">
    <failure type="java.lang.AssertionError">java.lang.AssertionError
	at org.junit.Assert.fail(Assert.java:86)
	at org.junit.Assert.assertTrue(Assert.java:41)
	at org.junit.Assert.assertTrue(Assert.java:52)
	at com.basic.GetWithTags.GetWithParametersSD.you_check_for_title_at_value(GetWithParametersSD.java:36)
	at ✽.you check for title &quot;ABCD&quot; at &quot;books[3].title&quot; value(file:///D:/IBM/workspace/B23CucumberRestAssured/src/test/resources/com/basic/GetWithTags/GetRequestWithTags.feature:22)
</failure>
    <system-out>
Failed scenarios:
file:///D:/IBM/workspace/B23CucumberRestAssured/src/test/resources/com/basic/GetWithParameters/GetRequestWithParameters.feature:16# 3.validate Get Request values with parameters

3 Scenarios (1 failed, 2 passed)
11 Steps (1 failed, 10 passed)
0m2.233s


java.lang.AssertionError
	at org.junit.Assert.fail(Assert.java:86)
	at org.junit.Assert.assertTrue(Assert.java:41)
	at org.junit.Assert.assertTrue(Assert.java:52)
	at com.basic.GetWithParameters.GetWithParametersSD.you_check_for_title_at_value(GetWithParametersSD.java:36)
	at ?.you check for title &quot;ABCD&quot; at &quot;books[3].title&quot; value(file:///D:/IBM/workspace/B23CucumberRestAssured/src/test/resources/com/basic/GetWithParameters/GetRequestWithParameters.feature:20)



@Important @Regression
Scenario: 34.validate Get Request values with parameters                                         # src/test/resources/com/basic/GetWithTags/GetRequestWithTags.feature:18
  Given Get response from bookstore application                                                  # com.basic.GetWithTags.GetWithParametersSD.get_response_from_bookstore_application()
  When you request for Get response                                                              # com.basic.GetWithTags.GetWithParametersSD.you_request_for_Get_response()
  Then you check for title &quot;Designing Evolvable Web APIs with ASP.NET&quot; at &quot;books[2].title&quot; value # com.basic.GetWithTags.GetWithParametersSD.you_check_for_title_at_value(java.lang.String,java.lang.String)
  Then you check for title &quot;ABCD&quot; at &quot;books[3].title&quot; value                                      # com.basic.GetWithTags.GetWithParametersSD.you_check_for_title_at_value(java.lang.String,java.lang.String)
      java.lang.AssertionError
	at org.junit.Assert.fail(Assert.java:86)
	at org.junit.Assert.assertTrue(Assert.java:41)
	at org.junit.Assert.assertTrue(Assert.java:52)
	at com.basic.GetWithTags.GetWithParametersSD.you_check_for_title_at_value(GetWithParametersSD.java:36)
	at ?.you check for title &quot;ABCD&quot; at &quot;books[3].title&quot; value(file:///D:/IBM/workspace/B23CucumberRestAssured/src/test/resources/com/basic/GetWithTags/GetRequestWithTags.feature:22)

</system-out>
    <system-err>Jan 23, 2021 11:28:17 AM io.cucumber.junit.Cucumber &lt;init&gt;
WARNING: By default Cucumber is running in --non-strict mode.
This default will change to --strict and --non-strict will be removed.
You can use --strict or @CucumberOptions(strict = true) to suppress this warning
</system-err>
  </testcase>
  <testcase classname="validate tags" name="4.validate Get Request values with parameters" time="0.745">
    <failure type="java.lang.AssertionError">java.lang.AssertionError
	at org.junit.Assert.fail(Assert.java:86)
	at org.junit.Assert.assertTrue(Assert.java:41)
	at org.junit.Assert.assertTrue(Assert.java:52)
	at com.basic.GetWithTags.GetWithParametersSD.you_check_for_title_at_value(GetWithParametersSD.java:36)
	at ✽.you check for title &quot;ABCD&quot; at &quot;books[3].title&quot; value(file:///D:/IBM/workspace/B23CucumberRestAssured/src/test/resources/com/basic/GetWithTags/GetRequestWithTags.feature:29)
</failure>
    <system-out>
@Important @Regression
Scenario: 4.validate Get Request values with parameters                                          # src/test/resources/com/basic/GetWithTags/GetRequestWithTags.feature:25
  Given Get response from bookstore application                                                  # com.basic.GetWithTags.GetWithParametersSD.get_response_from_bookstore_application()
  When you request for Get response                                                              # com.basic.GetWithTags.GetWithParametersSD.you_request_for_Get_response()
  Then you check for title &quot;Designing Evolvable Web APIs with ASP.NET&quot; at &quot;books[2].title&quot; value # com.basic.GetWithTags.GetWithParametersSD.you_check_for_title_at_value(java.lang.String,java.lang.String)
  Then you check for title &quot;ABCD&quot; at &quot;books[3].title&quot; value                                      # com.basic.GetWithTags.GetWithParametersSD.you_check_for_title_at_value(java.lang.String,java.lang.String)
      java.lang.AssertionError
	at org.junit.Assert.fail(Assert.java:86)
	at org.junit.Assert.assertTrue(Assert.java:41)
	at org.junit.Assert.assertTrue(Assert.java:52)
	at com.basic.GetWithTags.GetWithParametersSD.you_check_for_title_at_value(GetWithParametersSD.java:36)
	at ?.you check for title &quot;ABCD&quot; at &quot;books[3].title&quot; value(file:///D:/IBM/workspace/B23CucumberRestAssured/src/test/resources/com/basic/GetWithTags/GetRequestWithTags.feature:29)

</system-out>
  </testcase>
</testsuite>