<?xml version="1.0" encoding="UTF-8" ?>
<testsuite tests="2" failures="2" name="com.basic.GetWithTags.RunnerGetWithTagsTest" time="1.526" errors="0" skipped="0">
  <properties>
    <property name="java.runtime.name" value="Java(TM) SE Runtime Environment"/>
    <property name="sun.boot.library.path" value="C:\Program Files\Java\jre1.8.0_91\bin"/>
    <property name="java.vm.version" value="25.91-b15"/>
    <property name="java.vm.vendor" value="Oracle Corporation"/>
    <property name="maven.multiModuleProjectDirectory" value="D:\IBM\workspace\B23CucumberRestAssured"/>
    <property name="java.vendor.url" value="http://java.oracle.com/"/>
    <property name="path.separator" value=";"/>
    <property name="guice.disable.misplaced.annotation.check" value="true"/>
    <property name="java.vm.name" value="Java HotSpot(TM) 64-Bit Server VM"/>
    <property name="file.encoding.pkg" value="sun.io"/>
    <property name="user.script" value=""/>
    <property name="user.country" value="US"/>
    <property name="sun.java.launcher" value="SUN_STANDARD"/>
    <property name="sun.os.patch.level" value=""/>
    <property name="java.vm.specification.name" value="Java Virtual Machine Specification"/>
    <property name="user.dir" value="D:\IBM\workspace\B23CucumberRestAssured"/>
    <property name="java.runtime.version" value="1.8.0_91-b15"/>
    <property name="java.awt.graphicsenv" value="sun.awt.Win32GraphicsEnvironment"/>
    <property name="java.endorsed.dirs" value="C:\Program Files\Java\jre1.8.0_91\lib\endorsed"/>
    <property name="os.arch" value="amd64"/>
    <property name="java.io.tmpdir" value="C:\Users\admin\AppData\Local\Temp\"/>
    <property name="line.separator" value="
"/>
    <property name="java.vm.specification.vendor" value="Oracle Corporation"/>
    <property name="user.variant" value=""/>
    <property name="os.name" value="Windows 10"/>
    <property name="classworlds.conf" value="D:\IBM\workspace\.metadata\.plugins\org.eclipse.m2e.launching\launches\m2conf5061378271190228708.tmp"/>
    <property name="sun.jnu.encoding" value="Cp1252"/>
    <property name="java.library.path" value="C:\Program Files\Java\jre1.8.0_91\bin;C:\WINDOWS\Sun\Java\bin;C:\WINDOWS\system32;C:\WINDOWS;C:/Program Files/Java/jre1.8.0_241/bin/server;C:/Program Files/Java/jre1.8.0_241/bin;C:/Program Files/Java/jre1.8.0_241/lib/amd64;C:\Program Files (x86)\Common Files\Oracle\Java\javapath;C:\ProgramData\Oracle\Java\javapath;C:\WINDOWS\system32;C:\WINDOWS;C:\WINDOWS\System32\Wbem;C:\WINDOWS\System32\WindowsPowerShell\v1.0\;D:\Software\apache-maven-3.5.0\bin;C:\Program Files\Java\jdk1.8.0_91\bin;C:\Program Files\Git\cmd;C:\WINDOWS\System32\OpenSSH\;C:\Program Files\Intel\WiFi\bin\;C:\Program Files\Common Files\Intel\WirelessCommon\;C:\python38\;C:\python38\Scripts\;C:\python38\Lib\;C:\python38\DLLs\;C:\python38\libs\;;C:\Program Files\Docker\Docker\resources\bin;C:\ProgramData\DockerDesktop\version-bin;C:\Program Files\PuTTY\;C:\python38\Scripts\;C:\python38\;C:\Program Files\Intel\WiFi\bin\;C:\Program Files\Common Files\Intel\WirelessCommon\;C:\Users\admin\AppData\Local\Microsoft\WindowsApps;;D:\Training\Eclipse_my\eclipse-jee-neon-3-win32-x86_64\eclipse;;."/>
    <property name="java.specification.name" value="Java Platform API Specification"/>
    <property name="java.class.version" value="52.0"/>
    <property name="sun.management.compiler" value="HotSpot 64-Bit Tiered Compilers"/>
    <property name="os.version" value="10.0"/>
    <property name="user.home" value="C:\Users\admin"/>
    <property name="user.timezone" value="Asia/Calcutta"/>
    <property name="java.awt.printerjob" value="sun.awt.windows.WPrinterJob"/>
    <property name="java.specification.version" value="1.8"/>
    <property name="file.encoding" value="Cp1252"/>
    <property name="user.name" value="admin"/>
    <property name="java.class.path" value="/D:/Training/Eclipse_my/eclipse-jee-neon-3-win32-x86_64/eclipse/plugins/org.eclipse.m2e.maven.runtime_1.7.0.20160603-1931/jars/plexus-classworlds-2.5.2.jar"/>
    <property name="java.vm.specification.version" value="1.8"/>
    <property name="sun.arch.data.model" value="64"/>
    <property name="java.home" value="C:\Program Files\Java\jre1.8.0_91"/>
    <property name="sun.java.command" value="org.codehaus.plexus.classworlds.launcher.Launcher -B test"/>
    <property name="java.specification.vendor" value="Oracle Corporation"/>
    <property name="user.language" value="en"/>
    <property name="awt.toolkit" value="sun.awt.windows.WToolkit"/>
    <property name="java.vm.info" value="mixed mode"/>
    <property name="java.version" value="1.8.0_91"/>
    <property name="java.ext.dirs" value="C:\Program Files\Java\jre1.8.0_91\lib\ext;C:\WINDOWS\Sun\Java\lib\ext"/>
    <property name="sun.boot.class.path" value="C:\Program Files\Java\jre1.8.0_91\lib\resources.jar;C:\Program Files\Java\jre1.8.0_91\lib\rt.jar;C:\Program Files\Java\jre1.8.0_91\lib\sunrsasign.jar;C:\Program Files\Java\jre1.8.0_91\lib\jsse.jar;C:\Program Files\Java\jre1.8.0_91\lib\jce.jar;C:\Program Files\Java\jre1.8.0_91\lib\charsets.jar;C:\Program Files\Java\jre1.8.0_91\lib\jfr.jar;C:\Program Files\Java\jre1.8.0_91\classes"/>
    <property name="java.vendor" value="Oracle Corporation"/>
    <property name="maven.home" value="D:\IBM\workspace\B23CucumberRestAssured\EMBEDDED"/>
    <property name="file.separator" value="\"/>
    <property name="java.vendor.url.bug" value="http://bugreport.sun.com/bugreport/"/>
    <property name="sun.cpu.endian" value="little"/>
    <property name="sun.io.unicode.encoding" value="UnicodeLittle"/>
    <property name="sun.desktop" value="windows"/>
    <property name="sun.cpu.isalist" value="amd64"/>
  </properties>
  <testcase classname="validate tags" name="34.validate Get Request values with parameters" time="0.781">
    <failure type="java.lang.AssertionError">java.lang.AssertionError
	at org.junit.Assert.fail(Assert.java:86)
	at org.junit.Assert.assertTrue(Assert.java:41)
	at org.junit.Assert.assertTrue(Assert.java:52)
	at com.basic.GetWithTags.GetWithParametersSD.you_check_for_title_at_value(GetWithParametersSD.java:36)
	at ✽.you check for title &quot;ABCD&quot; at &quot;books[3].title&quot; value(file:///D:/IBM/workspace/B23CucumberRestAssured/src/test/resources/com/basic/GetWithTags/GetRequestWithTags.feature:22)
</failure>
    <system-out>
Failed scenarios:
file:///D:/IBM/workspace/B23CucumberRestAssured/src/test/resources/com/basic/GetWithParameters/GetRequestWithParameters.feature:16# 3.validate Get Request values with parameters

3 Scenarios (1 failed, 2 passed)
11 Steps (1 failed, 10 passed)
0m2.233s


java.lang.AssertionError
	at org.junit.Assert.fail(Assert.java:86)
	at org.junit.Assert.assertTrue(Assert.java:41)
	at org.junit.Assert.assertTrue(Assert.java:52)
	at com.basic.GetWithParameters.GetWithParametersSD.you_check_for_title_at_value(GetWithParametersSD.java:36)
	at ?.you check for title &quot;ABCD&quot; at &quot;books[3].title&quot; value(file:///D:/IBM/workspace/B23CucumberRestAssured/src/test/resources/com/basic/GetWithParameters/GetRequestWithParameters.feature:20)



@Important @Regression
Scenario: 34.validate Get Request values with parameters                                         # src/test/resources/com/basic/GetWithTags/GetRequestWithTags.feature:18
  Given Get response from bookstore application                                                  # com.basic.GetWithTags.GetWithParametersSD.get_response_from_bookstore_application()
  When you request for Get response                                                              # com.basic.GetWithTags.GetWithParametersSD.you_request_for_Get_response()
  Then you check for title &quot;Designing Evolvable Web APIs with ASP.NET&quot; at &quot;books[2].title&quot; value # com.basic.GetWithTags.GetWithParametersSD.you_check_for_title_at_value(java.lang.String,java.lang.String)
  Then you check for title &quot;ABCD&quot; at &quot;books[3].title&quot; value                                      # com.basic.GetWithTags.GetWithParametersSD.you_check_for_title_at_value(java.lang.String,java.lang.String)
      java.lang.AssertionError
	at org.junit.Assert.fail(Assert.java:86)
	at org.junit.Assert.assertTrue(Assert.java:41)
	at org.junit.Assert.assertTrue(Assert.java:52)
	at com.basic.GetWithTags.GetWithParametersSD.you_check_for_title_at_value(GetWithParametersSD.java:36)
	at ?.you check for title &quot;ABCD&quot; at &quot;books[3].title&quot; value(file:///D:/IBM/workspace/B23CucumberRestAssured/src/test/resources/com/basic/GetWithTags/GetRequestWithTags.feature:22)

</system-out>
    <system-err>Jan 23, 2021 11:28:17 AM io.cucumber.junit.Cucumber &lt;init&gt;
WARNING: By default Cucumber is running in --non-strict mode.
This default will change to --strict and --non-strict will be removed.
You can use --strict or @CucumberOptions(strict = true) to suppress this warning
</system-err>
  </testcase>
  <testcase classname="validate tags" name="4.validate Get Request values with parameters" time="0.745">
    <failure type="java.lang.AssertionError">java.lang.AssertionError
	at org.junit.Assert.fail(Assert.java:86)
	at org.junit.Assert.assertTrue(Assert.java:41)
	at org.junit.Assert.assertTrue(Assert.java:52)
	at com.basic.GetWithTags.GetWithParametersSD.you_check_for_title_at_value(GetWithParametersSD.java:36)
	at ✽.you check for title &quot;ABCD&quot; at &quot;books[3].title&quot; value(file:///D:/IBM/workspace/B23CucumberRestAssured/src/test/resources/com/basic/GetWithTags/GetRequestWithTags.feature:29)
</failure>
    <system-out>
@Important @Regression
Scenario: 4.validate Get Request values with parameters                                          # src/test/resources/com/basic/GetWithTags/GetRequestWithTags.feature:25
  Given Get response from bookstore application                                                  # com.basic.GetWithTags.GetWithParametersSD.get_response_from_bookstore_application()
  When you request for Get response                                                              # com.basic.GetWithTags.GetWithParametersSD.you_request_for_Get_response()
  Then you check for title &quot;Designing Evolvable Web APIs with ASP.NET&quot; at &quot;books[2].title&quot; value # com.basic.GetWithTags.GetWithParametersSD.you_check_for_title_at_value(java.lang.String,java.lang.String)
  Then you check for title &quot;ABCD&quot; at &quot;books[3].title&quot; value                                      # com.basic.GetWithTags.GetWithParametersSD.you_check_for_title_at_value(java.lang.String,java.lang.String)
      java.lang.AssertionError
	at org.junit.Assert.fail(Assert.java:86)
	at org.junit.Assert.assertTrue(Assert.java:41)
	at org.junit.Assert.assertTrue(Assert.java:52)
	at com.basic.GetWithTags.GetWithParametersSD.you_check_for_title_at_value(GetWithParametersSD.java:36)
	at ?.you check for title &quot;ABCD&quot; at &quot;books[3].title&quot; value(file:///D:/IBM/workspace/B23CucumberRestAssured/src/test/resources/com/basic/GetWithTags/GetRequestWithTags.feature:29)

</system-out>
  </testcase>
</testsuite>